 
****************************************
Report : area
Design : dist_sort
Version: V-2023.12-SP5
Date   : Wed Dec 11 21:35:09 2024
****************************************

Library(s) Used:

    asap7sc7p5t_22b_SIMPLE_RVT_TT_170906 (File: /home/rn347/asap7_rundir/finalproj/synthesis/ldbs/asap7sc7p5t_22b_SIMPLE_RVT_TT_170906.ldb)
    asap7sc7p5t_22b_INVBUF_RVT_TT_170906 (File: /home/rn347/asap7_rundir/finalproj/synthesis/ldbs/asap7sc7p5t_22b_INVBUF_RVT_TT_170906.ldb)
    asap7sc7p5t_22b_OA_RVT_TT_170906 (File: /home/rn347/asap7_rundir/finalproj/synthesis/ldbs/asap7sc7p5t_22b_OA_RVT_TT_170906.ldb)
    asap7sc7p5t_22b_AO_RVT_TT_170906 (File: /home/rn347/asap7_rundir/finalproj/synthesis/ldbs/asap7sc7p5t_22b_AO_RVT_TT_170906.ldb)
    asap7sc7p5t_22b_SEQ_RVT_TT_170906 (File: /home/rn347/asap7_rundir/finalproj/synthesis/ldbs/asap7sc7p5t_22b_SEQ_RVT_TT_170906.ldb)

Number of ports:                          586
Number of nets:                         13093
Number of cells:                        11576
Number of combinational cells:          10419
Number of sequential cells:              1157
Number of macros/black boxes:               0
Number of buf/inv:                       2343
Number of references:                      65

Combinational area:              14486.921181
Buf/Inv area:                     1758.697940
Noncombinational area:            5406.030518
Macro/Black Box area:                0.000000
Net Interconnect area:      undefined  (No wire load specified)

Total cell area:                 19892.951699
Total area:                 undefined

Hierarchical area distribution
------------------------------

                                  Global cell area            Local cell area
                                  -------------------  ----------------------------- 
Hierarchical cell                 Absolute    Percent  Combi-      Noncombi-  Black-
                                  Total       Total    national    national   boxes   Design
--------------------------------  ----------  -------  ----------  ---------  ------  ---------
dist_sort                         19892.9517    100.0  14486.9212  5406.0305  0.0000  dist_sort
--------------------------------  ----------  -------  ----------  ---------  ------  ---------
Total                                                  14486.9212  5406.0305  0.0000


Area of detected synthetic parts
--------------------------------
  No DW parts to report!

Estimated area of ungrouped synthetic parts
-------------------------------------------
                                        Estimated  Perc. of
  Module               Implem.  Count        Area cell area
  -------------------- -------  ----- ----------- ---------
  DP_OP_664J1_122_8054     str      1     54.5875      0.3%
  DP_OP_665J1_123_8054     str      1     54.5875      0.3%
  DP_OP_666J1_124_8054     str      1     54.5875      0.3%
  DP_OP_667J1_125_8054     str      1     54.5875      0.3%
  DP_OP_668J1_126_8243     str      1     83.0477      0.4%
  DP_OP_669J1_127_9298     str      1    116.4068      0.6%
  DP_OP_670J1_128_8054     str      1     54.5875      0.3%
  DP_OP_671J1_129_8054     str      1     54.5875      0.3%
  DP_OP_672J1_130_8054     str      1     54.5875      0.3%
  DP_OP_673J1_131_8054     str      1     54.5875      0.3%
  DP_OP_674J1_132_8243     str      1     83.0477      0.4%
  DP_OP_675J1_133_8054     str      1     54.5875      0.3%
  DP_OP_676J1_134_8054     str      1     54.5875      0.3%
  DP_OP_677J1_135_8054     str      1     54.5875      0.3%
  DP_OP_678J1_136_8054     str      1     54.5875      0.3%
  DP_OP_679J1_137_8243     str      1     83.0477      0.4%
  DP_OP_680J1_138_8054     str      1     54.5875      0.3%
  DP_OP_681J1_139_8054     str      1     54.5875      0.3%
  DP_OP_682J1_140_8054     str      1     54.5875      0.3%
  DP_OP_683J1_141_8054     str      1     54.5875      0.3%
  DP_OP_684J1_142_8243     str      1     83.0477      0.4%
  DP_OP_685J1_143_8054     str      1     54.5875      0.3%
  DP_OP_686J1_144_8054     str      1     54.5875      0.3%
  DP_OP_687J1_145_8054     str      1     54.5875      0.3%
  DP_OP_688J1_146_8054     str      1     54.5875      0.3%
  DP_OP_689J1_147_8243     str      1     83.0477      0.4%
  DP_OP_690J1_148_8054     str      1     54.5875      0.3%
  DP_OP_691J1_149_8054     str      1     54.5875      0.3%
  DP_OP_692J1_150_8054     str      1     54.5875      0.3%
  DP_OP_693J1_151_8054     str      1     54.5875      0.3%
  DP_OP_694J1_152_8243     str      1     83.0477      0.4%
  DP_OP_695J1_153_8054     str      1     54.5875      0.3%
  DP_OP_696J1_154_8054     str      1     54.5875      0.3%
  DP_OP_697J1_155_8054     str      1     54.5875      0.3%
  DP_OP_698J1_156_8054     str      1     54.5875      0.3%
  DP_OP_699J1_157_8243     str      1     83.0477      0.4%
  DP_OP_700J1_158_8054     str      1     54.5875      0.3%
  DP_OP_701J1_159_8054     str      1     54.5875      0.3%
  DP_OP_702J1_160_8054     str      1     54.5875      0.3%
  DP_OP_703J1_161_8054     str      1     54.5875      0.3%
  DP_OP_704J1_162_8243     str      1     83.0477      0.4%
  DP_OP_705J1_163_8054     str      1     54.5875      0.3%
  DP_OP_706J1_164_8054     str      1     54.5875      0.3%
  DP_OP_707J1_165_8054     str      1     54.5875      0.3%
  DP_OP_708J1_166_8054     str      1     54.5875      0.3%
  DP_OP_709J1_167_8243     str      1     83.0477      0.4%
  DP_OP_710J1_168_8054     str      1     54.5875      0.3%
  DP_OP_711J1_169_8054     str      1     54.5875      0.3%
  DP_OP_712J1_170_8054     str      1     54.5875      0.3%
  DP_OP_713J1_171_8054     str      1     54.5875      0.3%
  DP_OP_714J1_172_8243     str      1     83.0477      0.4%
  DP_OP_715J1_173_8054     str      1     54.5875      0.3%
  DP_OP_716J1_174_8054     str      1     54.5875      0.3%
  DP_OP_717J1_175_8054     str      1     54.5875      0.3%
  DP_OP_718J1_176_8054     str      1     54.5875      0.3%
  DP_OP_719J1_177_8243     str      1     83.0477      0.4%
  DP_OP_720J1_178_8054     str      1     54.5875      0.3%
  DP_OP_721J1_179_8054     str      1     54.5875      0.3%
  DP_OP_722J1_180_8054     str      1     54.5875      0.3%
  DP_OP_723J1_181_8054     str      1     54.5875      0.3%
  DP_OP_724J1_182_8243     str      1     83.0477      0.4%
  DP_OP_725J1_183_8054     str      1     54.5875      0.3%
  DP_OP_726J1_184_8054     str      1     54.5875      0.3%
  DP_OP_727J1_185_8054     str      1     54.5875      0.3%
  DP_OP_728J1_186_8054     str      1     54.5875      0.3%
  DP_OP_729J1_187_8243     str      1     83.0477      0.4%
  DP_OP_730J1_188_8054     str      1     54.5875      0.3%
  DP_OP_731J1_189_8054     str      1     54.5875      0.3%
  DP_OP_732J1_190_8054     str      1     54.5875      0.3%
  DP_OP_733J1_191_8054     str      1     54.5875      0.3%
  DP_OP_734J1_192_8243     str      1     83.0477      0.4%
  DP_OP_735J1_193_8054     str      1     54.5875      0.3%
  DP_OP_736J1_194_8054     str      1     54.5875      0.3%
  DP_OP_737J1_195_8054     str      1     54.5875      0.3%
  DP_OP_738J1_196_8054     str      1     54.5875      0.3%
  DP_OP_739J1_197_8243     str      1     83.0477      0.4%
  DP_OP_740J1_198_8054     str      1     54.5875      0.3%
  DP_OP_741J1_199_8054     str      1     54.5875      0.3%
  DP_OP_742J1_200_8054     str      1     54.5875      0.3%
  DP_OP_743J1_201_8054     str      1     54.5875      0.3%
  DP_OP_744J1_202_8243     str      1     83.0477      0.4%
  DP_OP_745J1_203_8054     str      1     54.5875      0.3%
  DP_OP_746J1_204_8054     str      1     54.5875      0.3%
  DP_OP_747J1_205_8054     str      1     54.5875      0.3%
  DP_OP_748J1_206_8054     str      1     54.5875      0.3%
  DP_OP_749J1_207_8243     str      1     83.0477      0.4%
  DP_OP_750J1_208_8054     str      1     54.5875      0.3%
  DP_OP_751J1_209_8054     str      1     54.5875      0.3%
  DP_OP_752J1_210_8054     str      1     54.5875      0.3%
  DP_OP_753J1_211_8054     str      1     54.5875      0.3%
  DP_OP_754J1_212_8243     str      1     83.0477      0.4%
  DP_OP_755J1_213_8054     str      1     54.5875      0.3%
  DP_OP_756J1_214_8054     str      1     54.5875      0.3%
  DP_OP_757J1_215_8054     str      1     54.5875      0.3%
  DP_OP_758J1_216_8054     str      1     54.5875      0.3%
  DP_OP_759J1_217_8243     str      1     83.0477      0.4%
  DP_OP_760J1_218_8054     str      1     54.5875      0.3%
  DP_OP_761J1_219_8054     str      1     54.5875      0.3%
  DP_OP_762J1_220_8054     str      1     54.5875      0.3%
  DP_OP_763J1_221_8054     str      1     54.5875      0.3%
  DP_OP_764J1_222_8243     str      1     83.0477      0.4%
  DP_OP_765J1_223_8054     str      1     54.5875      0.3%
  DP_OP_766J1_224_8054     str      1     54.5875      0.3%
  DP_OP_767J1_225_8054     str      1     54.5875      0.3%
  DP_OP_768J1_226_8054     str      1     54.5875      0.3%
  DP_OP_769J1_227_8243     str      1     83.0477      0.4%
  DP_OP_770J1_228_8054     str      1     54.5875      0.3%
  DP_OP_771J1_229_8054     str      1     54.5875      0.3%
  DP_OP_772J1_230_8054     str      1     54.5875      0.3%
  DP_OP_773J1_231_8054     str      1     54.5875      0.3%
  DP_OP_774J1_232_8243     str      1     83.0477      0.4%
  DP_OP_775J1_233_8054     str      1     54.5875      0.3%
  DP_OP_776J1_234_8054     str      1     54.5875      0.3%
  DP_OP_777J1_235_8054     str      1     54.5875      0.3%
  DP_OP_778J1_236_8054     str      1     54.5875      0.3%
  DP_OP_779J1_237_8243     str      1     83.0477      0.4%
  DP_OP_780J1_238_8054     str      1     54.5875      0.3%
  DP_OP_781J1_239_8054     str      1     54.5875      0.3%
  DP_OP_782J1_240_8054     str      1     54.5875      0.3%
  DP_OP_783J1_241_8054     str      1     54.5875      0.3%
  DP_OP_784J1_242_8243     str      1     83.0477      0.4%
  DP_OP_785J1_243_8054     str      1     54.5875      0.3%
  DP_OP_786J1_244_8054     str      1     54.5875      0.3%
  DP_OP_787J1_245_8054     str      1     54.5875      0.3%
  DP_OP_788J1_246_8054     str      1     54.5875      0.3%
  DP_OP_789J1_247_8243     str      1     83.0477      0.4%
  DP_OP_790J1_248_8054     str      1     54.5875      0.3%
  DP_OP_791J1_249_8054     str      1     54.5875      0.3%
  DP_OP_792J1_250_8054     str      1     54.5875      0.3%
  DP_OP_793J1_251_8054     str      1     54.5875      0.3%
  DP_OP_794J1_252_8243     str      1     83.0477      0.4%
  DP_OP_795J1_253_8054     str      1     54.5875      0.3%
  DP_OP_796J1_254_8054     str      1     54.5875      0.3%
  DP_OP_797J1_255_8054     str      1     54.5875      0.3%
  DP_OP_798J1_256_8054     str      1     54.5875      0.3%
  DP_OP_799J1_257_8243     str      1     83.0477      0.4%
  DP_OP_800J1_258_8054     str      1     54.5875      0.3%
  DP_OP_801J1_259_8054     str      1     54.5875      0.3%
  DP_OP_802J1_260_8054     str      1     54.5875      0.3%
  DP_OP_803J1_261_8054     str      1     54.5875      0.3%
  DP_OP_804J1_262_8243     str      1     83.0477      0.4%
  DP_OP_805J1_263_8054     str      1     54.5875      0.3%
  DP_OP_806J1_264_8054     str      1     54.5875      0.3%
  DP_OP_807J1_265_8054     str      1     54.5875      0.3%
  DP_OP_808J1_266_8054     str      1     54.5875      0.3%
  DP_OP_809J1_267_8243     str      1     83.0477      0.4%
  DP_OP_810J1_268_8054     str      1     54.5875      0.3%
  DP_OP_811J1_269_8054     str      1     54.5875      0.3%
  DP_OP_812J1_270_8054     str      1     54.5875      0.3%
  DP_OP_813J1_271_8054     str      1     54.5875      0.3%
  DP_OP_814J1_272_8243     str      1     83.0477      0.4%
  DP_OP_815J1_273_8054     str      1     54.5875      0.3%
  DP_OP_816J1_274_8054     str      1     54.5875      0.3%
  DP_OP_817J1_275_8054     str      1     54.5875      0.3%
  DP_OP_818J1_276_8054     str      1     54.5875      0.3%
  DP_OP_819J1_277_8243     str      1     83.0477      0.4%
  DP_OP_820J1_278_8054     str      1     54.5875      0.3%
  DP_OP_821J1_279_8054     str      1     54.5875      0.3%
  DP_OP_822J1_280_8054     str      1     54.5875      0.3%
  DP_OP_823J1_281_8054     str      1     54.5875      0.3%
  DP_OP_824J1_282_8243     str      1     83.0477      0.4%
  DP_OP_825J1_283_9298     str      1    116.4068      0.6%
  DP_OP_826J1_284_9298     str      1    116.4068      0.6%
  DP_OP_827J1_285_9298     str      1    116.4068      0.6%
  DP_OP_828J1_286_9298     str      1    116.4068      0.6%
  DP_OP_829J1_287_9298     str      1    116.4068      0.6%
  DP_OP_830J1_288_9298     str      1    116.4068      0.6%
  DP_OP_831J1_289_9298     str      1    116.4068      0.6%
  DW_cmp               apparch     35     77.7382      0.4%
  -------------------- -------  ----- ----------- ---------
  DP_OP Subtotal:                 168  10575.9825     53.2%
  Total:                          203  10653.7207     53.6%

Subtotal of datapath(DP_OP) cell area:  10575.9825  53.2%  (estimated)
Total synthetic cell area:              10653.7207  53.6%  (estimated)

1
