Information: Running averaged power analysis... (PWR-601)
Information: Running power calculation with 4 threads. (PWR-602)
****************************************
Report : Averaged Power
Design : dist_sort
Version: V-2023.12-SP5
Date   : Thu Dec 12 19:10:33 2024
****************************************



  Attributes
  ----------
      i  -  Including register clock pin internal power
      u  -  User defined power group

                        Internal  Switching  Leakage    Total
Power Group             Power     Power      Power      Power   (     %)  Attrs
--------------------------------------------------------------------------------
clock_network              0.0000 6.211e-04    0.0000 6.211e-04 (19.92%)  i
register                   0.0000 2.229e-04    0.0000 2.229e-04 ( 7.15%)  
combinational              0.0000 2.274e-03    0.0000 2.274e-03 (72.93%)  
sequential                 0.0000    0.0000    0.0000    0.0000 ( 0.00%)  
memory                     0.0000    0.0000    0.0000    0.0000 ( 0.00%)  
io_pad                     0.0000    0.0000    0.0000    0.0000 ( 0.00%)  
black_box                  0.0000    0.0000    0.0000    0.0000 ( 0.00%)  

  Net Switching Power  = 3.118e-03  (100.00%)
  Cell Internal Power  =    0.0000   ( 0.00%)
  Cell Leakage Power   =    0.0000   ( 0.00%)
                         ---------
Total Power            = 3.118e-03  (100.00%)

1
